{"level":"info","message":"Tue Apr 16 2024 01:03:45 GMT+0530 (India Standard Time)- / - undefined","service":"request logging"}
{"level":"info","message":"Tue Apr 16 2024 01:07:04 GMT+0530 (India Standard Time)- / - undefined","service":"request logging"}
{"level":"info","message":"Tue Apr 16 2024 01:15:52 GMT+0530 (India Standard Time)- /api/signup - undefined","service":"request logging"}
{"level":"info","message":"Tue Apr 16 2024 01:17:20 GMT+0530 (India Standard Time)- /api/signup - undefined","service":"request logging"}
{"level":"info","message":"Tue Apr 16 2024 01:29:25 GMT+0530 (India Standard Time)- /api/post/all - undefined","service":"request logging"}
{"level":"info","message":"Tue Apr 16 2024 01:30:47 GMT+0530 (India Standard Time)- /api/post/all - undefined","service":"request logging"}
{"level":"info","message":"Tue Apr 16 2024 01:34:45 GMT+0530 (India Standard Time)- /api/post/all - undefined","service":"request logging"}
{"level":"info","message":"Tue Apr 16 2024 01:39:22 GMT+0530 (India Standard Time)- /api/post/all - undefined","service":"request logging"}
{"level":"info","message":"Tue Apr 16 2024 01:40:33 GMT+0530 (India Standard Time)- /api/post/all - undefined ","service":"request logging"}
{"level":"info","message":"Tue Apr 16 2024 01:59:38 GMT+0530 (India Standard Time)- / - undefined ","service":"request logging"}
{"level":"info","message":"Tue Apr 16 2024 11:17:09 GMT+0530 (India Standard Time)- /api/signup - undefined ","service":"request logging"}
{"level":"info","message":"Tue Apr 16 2024 11:25:02 GMT+0530 (India Standard Time)- /api/post/ - undefined ","service":"request logging"}
{"level":"info","message":"Tue Apr 16 2024 11:26:06 GMT+0530 (India Standard Time)- /api/post/ - undefined ","service":"request logging"}
{"level":"info","message":"Tue Apr 16 2024 11:26:52 GMT+0530 (India Standard Time)- /api/post/ - undefined ","service":"request logging"}
{"level":"info","message":"Tue Apr 16 2024 11:31:13 GMT+0530 (India Standard Time)- /api/post/ - undefined ","service":"request logging"}
{"level":"info","message":"Tue Apr 16 2024 11:31:55 GMT+0530 (India Standard Time)- /api/post/ - undefined ","service":"request logging"}
{"level":"info","message":"Tue Apr 16 2024 11:34:26 GMT+0530 (India Standard Time)- /api/post/ - undefined ","service":"request logging"}
{"level":"info","message":"Tue Apr 16 2024 11:35:08 GMT+0530 (India Standard Time)- /api/post/ - undefined ","service":"request logging"}
{"level":"info","message":"Tue Apr 16 2024 11:38:14 GMT+0530 (India Standard Time)- /api/post/ - undefined ","service":"request logging"}
{"level":"info","message":"Tue Apr 16 2024 11:38:59 GMT+0530 (India Standard Time)- /api/post/ - undefined ","service":"request logging"}
{"level":"info","message":"Tue Apr 16 2024 11:40:31 GMT+0530 (India Standard Time)- /api/post/ - undefined ","service":"request logging"}
{"level":"info","message":"Tue Apr 16 2024 11:46:19 GMT+0530 (India Standard Time)- /api/post/ - undefined ","service":"request logging"}
{"level":"info","message":"Tue Apr 16 2024 11:47:35 GMT+0530 (India Standard Time)- /api/post/ - undefined ","service":"request logging"}
{"level":"info","message":"Tue Apr 16 2024 11:47:43 GMT+0530 (India Standard Time)- /api/post/ - undefined ","service":"request logging"}
{"level":"info","message":"Tue Apr 16 2024 11:51:42 GMT+0530 (India Standard Time)- /api/post/ - undefined ","service":"request logging"}
{"level":"info","message":"Tue Apr 16 2024 11:52:04 GMT+0530 (India Standard Time)- /api/post/ - undefined ","service":"request logging"}
{"level":"info","message":"Tue Apr 16 2024 11:53:52 GMT+0530 (India Standard Time)- /api/post/ - undefined ","service":"request logging"}
{"level":"info","message":"Tue Apr 16 2024 11:54:17 GMT+0530 (India Standard Time)- /api/post/ - undefined ","service":"request logging"}
{"level":"info","message":"Tue Apr 16 2024 11:54:40 GMT+0530 (India Standard Time)- /api/post/ - undefined ","service":"request logging"}
{"level":"info","message":"Tue Apr 16 2024 11:55:10 GMT+0530 (India Standard Time)- /api/post/ - undefined ","service":"request logging"}
{"level":"info","message":"Tue Apr 16 2024 11:55:35 GMT+0530 (India Standard Time)- /api/post/ - undefined ","service":"request logging"}
{"level":"info","message":"Tue Apr 16 2024 11:55:43 GMT+0530 (India Standard Time)- /api/post/ - undefined ","service":"request logging"}
{"level":"info","message":"Tue Apr 16 2024 11:57:00 GMT+0530 (India Standard Time)- /api/post/ - undefined ","service":"request logging"}
{"level":"info","message":"Tue Apr 16 2024 11:57:24 GMT+0530 (India Standard Time)- /api/post/ - undefined ","service":"request logging"}
{"level":"info","message":"Tue Apr 16 2024 11:58:48 GMT+0530 (India Standard Time)- /api/post/ - undefined ","service":"request logging"}
{"level":"info","message":"Tue Apr 16 2024 11:59:46 GMT+0530 (India Standard Time)- /api/post/ - undefined ","service":"request logging"}
{"level":"info","message":"Tue Apr 16 2024 12:00:12 GMT+0530 (India Standard Time)- /api/post/ - undefined ","service":"request logging"}
{"level":"info","message":"Tue Apr 16 2024 12:01:06 GMT+0530 (India Standard Time)- /api/post/ - undefined ","service":"request logging"}
{"level":"info","message":"Tue Apr 16 2024 12:03:03 GMT+0530 (India Standard Time)- /api/post/ - undefined ","service":"request logging"}
{"level":"info","message":"Tue Apr 16 2024 12:03:11 GMT+0530 (India Standard Time)- /api/post/ - undefined ","service":"request logging"}
{"level":"info","message":"Tue Apr 16 2024 12:03:29 GMT+0530 (India Standard Time)- /api/post/ - undefined ","service":"request logging"}
{"level":"info","message":"Tue Apr 16 2024 12:03:39 GMT+0530 (India Standard Time)- /api/post/ - undefined ","service":"request logging"}
{"level":"info","message":"Tue Apr 16 2024 12:03:49 GMT+0530 (India Standard Time)- /api/post/ - undefined ","service":"request logging"}
{"level":"info","message":"Tue Apr 16 2024 12:05:31 GMT+0530 (India Standard Time)- /api/api/post/all - undefined ","service":"request logging"}
{"level":"info","message":"Tue Apr 16 2024 12:06:25 GMT+0530 (India Standard Time)- /api/api/post/all - undefined ","service":"request logging"}
{"level":"info","message":"Tue Apr 16 2024 12:06:32 GMT+0530 (India Standard Time)- /api/post/all - undefined ","service":"request logging"}
{"level":"info","message":"Tue Apr 16 2024 12:06:34 GMT+0530 (India Standard Time)- /api/post/all - undefined ","service":"request logging"}
{"level":"info","message":"Tue Apr 16 2024 12:07:00 GMT+0530 (India Standard Time)- /api/post/all - undefined ","service":"request logging"}
{"level":"info","message":"Tue Apr 16 2024 12:07:03 GMT+0530 (India Standard Time)- /api/post/all - undefined ","service":"request logging"}
{"level":"info","message":"Tue Apr 16 2024 12:07:36 GMT+0530 (India Standard Time)- /api/post/all - undefined ","service":"request logging"}
{"level":"info","message":"Tue Apr 16 2024 12:07:59 GMT+0530 (India Standard Time)- /api/post/ - undefined ","service":"request logging"}
{"level":"info","message":"Tue Apr 16 2024 12:08:02 GMT+0530 (India Standard Time)- /api/post/all - undefined ","service":"request logging"}
{"level":"info","message":"Tue Apr 16 2024 12:08:16 GMT+0530 (India Standard Time)- /api/post/all - undefined ","service":"request logging"}
{"level":"info","message":"Tue Apr 16 2024 12:08:59 GMT+0530 (India Standard Time)- /api/post/ - undefined ","service":"request logging"}
{"level":"info","message":"Tue Apr 16 2024 12:09:09 GMT+0530 (India Standard Time)- /api/post/ - undefined ","service":"request logging"}
{"level":"info","message":"Tue Apr 16 2024 12:09:25 GMT+0530 (India Standard Time)- /api/post/ - undefined ","service":"request logging"}
{"level":"info","message":"Tue Apr 16 2024 12:09:59 GMT+0530 (India Standard Time)- /api/post/ - undefined ","service":"request logging"}
{"level":"info","message":"Tue Apr 16 2024 12:10:42 GMT+0530 (India Standard Time)- /api/post/all - undefined ","service":"request logging"}
{"level":"info","message":"Tue Apr 16 2024 12:10:50 GMT+0530 (India Standard Time)- /api/post/ - undefined ","service":"request logging"}
{"level":"info","message":"Tue Apr 16 2024 12:11:02 GMT+0530 (India Standard Time)- /api/post/ - undefined ","service":"request logging"}
{"level":"info","message":"Tue Apr 16 2024 12:11:21 GMT+0530 (India Standard Time)- /api/post/all - undefined ","service":"request logging"}
{"level":"info","message":"Tue Apr 16 2024 12:12:32 GMT+0530 (India Standard Time)- /api/post/ - undefined ","service":"request logging"}
{"level":"info","message":"Tue Apr 16 2024 12:13:05 GMT+0530 (India Standard Time)- /api/post/ - undefined ","service":"request logging"}
{"level":"info","message":"Tue Apr 16 2024 12:13:51 GMT+0530 (India Standard Time)- /api/post/ - undefined ","service":"request logging"}
{"level":"info","message":"Tue Apr 16 2024 12:15:40 GMT+0530 (India Standard Time)- /api/post/all - undefined ","service":"request logging"}
